[   0.00000]Initialing crop subsys cpuset
[    0.000000] Initializing cgroup subsys cpu
[    0.000000] Initializing cgroup subsys cpuacct
[    0.000000] Linux version 4.4.0-98-generic (buildd@lcy01-03) (cc ersion5..0 201069 (Ubuntu 5.4.0-6ubuntu1~16.04.4) ) #121-Ubuntu SMP Tue Oct 10 142403 UTC 2017 (Ubuntu 4.4.0-98.121-generic 4.4.90)
   00.00000] Command line: BOT_IMAGE=/boot/vlinuz-4..0-98-generic root=LABEL=cloudimg-rootfs o onsolett1 consle=ttyS0
   0.00000] ERNEL supported cpus:
[    0.000000]   Intel GenuineIntel
[    0.000000]   AMD AuthenticAMD
[    0.000000]   Centaur CentaurHauls
[    0.000000] x86/fpu: xstate_offset[2]:  576, xstate_sizes[2]:  256
[    0.000000] x86/fpu: SupportingXSAV feture x0: 'x87 floating point registers'
[    0.000000] x86/fpu: Supporting XSAVE feature 0x02: 'SSE registers'
[    0.00000] x8/fu: Supporting XSAVE feature 0x04: 'AVX registers'
[    0.000000] x86/fpu: Enabled xstate features 0x7, context size is 832 bytes, using 'standard' format.
    0.000000] x86/fpu: Using 'lazy' FPU context switches.
[    0.000000] e820: BIOS-provided physical RAM map:
[    0.000000] BIOS-e820: [mem 0x0000000000000000-0x000000000009fbff] usable
[    0.000000] BIOS-e820: [mem 0x000000000009fc00-0x00000000009fff] reered
[    0.000000] BIOS-e820: [mem 0x00000000000f0000-0x00000000000fffff] reserved
[   0.00000] BOSe820: [mem 0x0000000000100000-0x000000007ffeffff] usable
[    0.000000] BIOS-e820: [mem 0x000000007fff0000-0x000000007fffffff API dta
[    0000000 BOS-e820: [mem 0x00000000fec00000-0x00000000fec00fff] reserved
[    0.000000] BIOS-e820: [mem 0x00000000fee00000-0x00000000fee00fff] reserved
[    0.000000] BIOS-e820: [mem 0x00000000fffc0000-0x00000000ffffffff] reserved
[    0.000000] NX (Execute Disable) protection: active
[    0.000000] SMBIOS 2.5 present.
[   0.00000] Hyprvisor detected: KVM
[    0.000000] e820: last_pfn = 0x7fff0 max_arch_pfn = 0x400000000
[    0.000000] MTRR: Disabled
[    0.000000] x86/PAT: MTRRs disabled, skipping PAT initialization too.
[    0.000000] CPU MTRRs all blank - virtualized system.
[    0.000000] x86/PAT: Configuration [0-7]: WB WT  UC- UC  WB  WT UC-UC  
[    0.000000] found SMP MP-table at [mem 0x0009fff0-0x0009ffff] mapped at [ffff88000009fff0]
[    0.000000] Scanning 1 areas for low memory corruptin
[    0.000000] RAMDISK: [mem 0x36ac2000-0x37558fff]
[    0.000000] ACPI: Early table checksum verification disabled
[    0.000000] ACPI: RSDP 0x000000000E0000 000024 (v02 VBO  )[    0.000000] ACPI: XSDT 0x000000007FFF0030 00003C (v01 VBOX   VBOXXSDT 00000001 ASL  00000061)
[    0.000000] ACPI:FACP 0x000000007FFF00F0 0000F4 (v04 VBOX   VBOXFACP 00000001 ASL  00000061)
[    0.000000] ACPI: DSDT 0x000000007FFF0470 0021FF (v02 VX   VBOXBIOS 00000002 INTL 20100528)
[    0.000000] ACPI: FACS 0x000000007FFF0200 000040
[    0.000000] API: AC 0x000000007FFF0200 000040
[    0.00000] ACPI APIC 0x0000007FFF24 00005(v02 VBOX  BOXAPIC 000001ASL  000006)
[    0.000000 ACI: SSDT 0x00000007FF02A0 000CC (01 VBOX   VBOXCPUT 00000002 INTL 20100528)
[    0.000000] No NUMA configuration found
[    0.000000] Faking a node at [mem 0x0000000000000-0x000000007ffeffff]
[   0.000000] NODE_DATA(0) allocated [mem 0x7ffeb000-0x7ffeffff]
[   000000] kv-clock:Usnng msr 4564d01 ad b564d00
[    0.000000] kvm-clock: cpu 0, msr 0:7ffe3001, primary cpu clock
[    0.000000] kvm-clock: using sched offset of 3739290171 cycles
[    0.000000] clocksource: kvm-clock: mask: 0xffffffffffffffff max_cycles: 0x1c42e4dfb,max_ide_ns: 889059143 s
[   .00000] one anes:
[    0.000000]   DMA      [mem 0x0000000000001000-0x0000000000ffffff]
[    0.000000]   DMA32    [mem 0x0000000001000000-0x000000007ffeffff]
[    0.000000]   Normal   mpty
[    0.000000  Device  emty
[   .00000] ovab zone star fr each node
[    0.000000] Early memory node ranges
[     0.00000]  nde  0: [mem 0x00000000000000-0x000000009efff]
[    0000000]  ode   0: [mem 0x000000000100000-0x000000007ffeffff]
[    0.000000] Initmem setup node 0 [mem 0x0000000000001000-0x00000007ffeff]
[   0.00000] ACPI: PM-Timer IO Port: 0x4008
[    0.000000] IOAPIC[0]: apicid 2 vrsion 32, ddres 0xfec00000, GSI 0-23
[    0.000000] ACPI: INT_SRC_OVR (bus 0 bs_irq 0 global_irq 2 dfl dfl)
[    0.000000] ACPI: INT_SRC_OVR (bus 0 bus_irq 9 global_irq 9 low level)
[    0.000000] Using ACPI (MADT) for SMP configuration information
[    0.000000] smpboot: Allowing 2 CPUs, 0 hotplug CPUs
[    0.000000] PM: Registered nosave memory: [mem 0x00000000-0x00000fff]
[    0.000000] PM: Regiterred nosve memry: [mm 0x0009f00-x009ffff]
[    0.000000] PM: Registered nosave memory: [mem 0x000a0000-0x000effff]
[    0.000000] PM: Registered nosave memory: [mem 0x000f0000-0x000fffff]
[    0.000000] e820: [mem 0x80000000-0xfebfffff] available for PCI devies
   0.00000 Booting paravirtualized kernel on KVM
[    0.000000] clocksource: refined-jiffies: mask: 0xffffffff max_cycles: 0xffffffff, max_idle_ns: 7645519600211568 ns
[    0.000000] setup_percpu: NR_CPUS:512 nr_cpumask_bits:512 nr_cpu_ids:2 nr_node_ids:1
[    0.000000] PERCPU: Embedded 34 pages/cpu @fff88007fc0000 s98328 r8192 d32744 u048576
[    0.000000] PV qspinlock hashtable entries: 256 (order: 0, 4096 bytes)
[    0.000000] Built 1 zonelists in Node order, mobility grouping on.  Total pages: 515961
[    0.000000] Policy zone: DMA32
[    0.000000] Kernel command line: BOOT_IMAGE=/boot/vmlinuz-4.4.0-98-generic root=LABEL=cloudimg-rootfs ro console=tty1 console=ttyS0
[    0.000000] PID hash table entries: 406 (order 3 32768byes)
[    0.000000] Memory: 2033912K/2096696K available (8484K kernel code, 1294K rwdata, 3988K rodata, 1492K init, 1316K bss, 62784K reserved, 0K cma-reserved)
[    0.000000] SLUB: HWalign=64, Order=0-3, MinObjects=0 CPUs=2, Nodes=1
[    0.000000] Hierarchical RCU implementation.
[    0.000000] 	Build-time adjustment of leaf fanout to 64.
[    0.000000] 	RCU restricting CPUs from NR_CPUS=512 to nr_cpu_ids=2.
[    0.000000] RCU: Adjusting geometry for rcu_fanout_leaf=64, nr_cpu_ids=2
[    0.000000] NR_IRQS:33024 nr_irqs:440 16
[    0.000000] Console: colour VGA+ 80x25
[    0.000000] console [tty1] enabled
[    0.000000] console [ttyS0] enabld
[    0.000000] tsc: Detected 3510.304 MHz processor
[    8.144608] Calibrating delay loop (skipped) preset value.. 7020.60 BogoMIPS (lpj=14041216)
[    8.280147] pid_max: default: 32768 minimum: 301
[    8.349711] ACPI: Core revision 20150930
[    8.372561] ACPI: 2 ACPI AML tables successfully acquired and loaded
[    8.402935] Security Framework initialized
[    8.415639] Yama: becoming mindful.
[    8.424057] AppArmor: AppArmor initialized
[    8.428796] Dentry cache hash table entries: 262144 (order: 9, 2097152 bytes)
[    8.444726] Inode-cache hash table entries: 131072 (order: 8, 1048576 bytes)
[    8.487212] Mount-cache hash table entries: 4096 (order: 3, 32768 bytes)
[    8.489958] Mountpoint-cache hash table entries: 4096 (order: 3, 32768 bytes)
[    8.542500] Initializing cgroup subsys io
[    8.550451] Initializing cgroup subsys memory
[    8.572900] Initializing cgroup subsys devices
[    8.574708] Initializing cgroup subsys freezer
[    8.576472] Initializing cgroup subsys net_cls
[    8.578258] Initializing cgroup subsys perf_event
[    8.591420] Initializing cgroup subsys net_prio
[    8.593208] Initializing cgroup subsys hugetlb
[    8.635668] Initializing cgroup subsys pids
[    8.649784] CPU: Physical Processor ID: 0
[    8.651265] CPU: Processor Core ID: 0
[    8.660930] mce: CPU supports 0 MCE banks
[    8.662439] Last level iTLB entries: 4KB 512, 2MB 8, 4MB 8
[    8.664369] Last level dTLB entries: 4KB 512, 2MB 32, 4MB 32, 1GB 0
[    8.668989] Freeing SMP alternatives memory: 32K
[    8.753402] ftrace: allocating 32154 entries in 126 pages
[    8.829005] smpboot: APIC(0) Converting physical 0 to logical package 0
[    8.924603] smpboot: Max logical packages: 1
[    8.996442] x2apic enabled
[    9.040374] Switched APIC routing to physical x2apic.
[    9.044903] ..TIMER: vector=0x30 apic1=0 pin1=2 apic2=-1 pin2=-1
[    9.258938] smpboot: CPU0: Intel(R) Core(TM) i7-2700K CPU @ 3.50GHz (family: 0x6, model: 0x2a, stepping: 0x7)
[    9.443914] Performance Events: unsupported p6 CPU model 42 no PMU driver, software events only.
[    9.576749] KVM setup paravirtual spinlock
[    9.621329] x86: Booting SMP configuration:
[    9.624887] .... node  #0, CPUs:      #1
[    9.688144] kvm-clock: cpu 1, msr 0:7ffe3041, secondary cpu clock
[    9.691267] mce: CPU supports 0 MCE banks
[    9.694501] x86: Booted up 1 node, 2 CPUs
[    9.713645] smpboot: Total of 2 processors activated (14041.21 BogoMIPS)
[    9.736133] devtmpfs: initialized
[    9.779424] evm: security.selinux
[    9.792025] evm: security.SMACK64
[    9.807272] evm: security.SMACK64EXEC
[    9.851687] evm: security.SMACK64TRANSMUTE
[    9.856166] evm: security.SMACK64MMAP
[    9.893308] evm: security.ima
[    9.936991] evm: security.capability
[    9.973932] clocksource: jiffies: mask: 0xffffffff max_cycles: 0xffffffff, max_idle_ns: 7645041785100000 ns
[   10.027527] futex hash table entries: 512 (order: 3, 32768 bytes)
[   10.041552] pinctrl core: initialized pinctrl subsystem
[   10.108239] RTC time: 22:32:22, date: 11/19/17
[   10.131240] NET: Registered protocol family 16
[   10.155271] cpuidle: using governor ladder
[   10.211443] cpuidle: using governor menu
[   10.229551] PCCT header not found.
[   10.268054] ACPI: bus type PCI registered
[   10.284647] acpiphp: ACPI Hot Plug PCI Controller Driver version: 0.5
[   10.349273] PCI: Using configuration type 1 for base access
[   10.364639] ACPI: Added _OSI(Module Device)
[   10.420213] ACPI: Added _OSI(Processor Device)
[   10.422208] ACPI: Added _OSI(3.0 _SCP Extensions)
[   10.451660] ACPI: Added _OSI(Processor Aggregator Device)
[   10.455037] ACPI: Executed 1 blocks of module-level executable AML code
[   10.487212] ACPI: Interpreter enabled
[   10.529441] ACPI: (supports S0 S5)
[   10.532417] ACPI: Using IOAPIC for interrupt routing
[   10.589280] PCI: Using host bridge windows from ACPI; if necessary, use "pci=nocrs" and report a bug
[   10.673387] ACPI: PCI Root Bridge [PCI0] (domain 0000 [bus 00-ff])
[   10.700482] acpi PNP0A03:00: _OSC: OS supports [ASPM ClockPM Segments MSI]
[   10.776471] acpi PNP0A03:00: _OSC: not requesting OS control; OS requires [ExtendedConfig ASPM ClockPM MSI]
[   10.797101] acpi PNP0A03:00: fail to add MMCONFIG information, can't access extended PCI configuration space under this bridge.
[   10.830776] PCI host bridge to bus 0000:00
[   10.873401] pci_bus 0000:00: root bus resource [io  0x0000-0x0cf7 window]
[   10.881626] pci_bus 0000:00: root bus resource [io  0x0d00-0xffff window]
[   10.884182] pci_bus 0000:00: root bus resource [mem 0x000a0000-0x000bffff window]
[   10.891975] pci_bus 0000:00: root bus resource [mem 0x80000000-0xfdffffff window]
[   10.905084] pci_bus 0000:00: root bus resource [bus 00-ff]
[   10.940195] pci 0000:00:01.1: legacy IDE quirk: reg 0x10: [io  0x01f0-0x01f7]
[   10.985786] pci 0000:00:01.1: legacy IDE quirk: reg 0x14: [io  0x03f6]
[   11.033746] pci 0000:00:01.1: legacy IDE quirk: reg 0x18: [io  0x0170-0x0177]
[   11.046119] pci 0000:00:01.1: legacy IDE quirk: reg 0x1c: [io  0x0376]
[   11.112846] pci 0000:00:07.0: quirk: [io  0x4000-0x403f] claimed by PIIX4 ACPI
[   11.156978] pci 0000:00:07.0: quirk: [io  0x4100-0x410f] claimed by PIIX4 SMB
[   11.215959] ACPI: PCI Interrupt Link [LNKA] (IRQs 5 9 10 *11)
[   11.287612] ACPI: PCI Interrupt Link [LNKB] (IRQs 5 9 *10 11)
[   11.357797] ACPI: PCI Interrupt Link [LNKC] (IRQs 5 *9 10 11)
[   11.365390] ACPI: PCI Interrupt Link [LNKD] (IRQs 5 9 10 *11)
[   11.370142] ACPI: Enabled 2 GPEs in block 00 to 07
[   11.393982] vgaarb: setting as boot device: PCI:0000:00:02.0
[   11.461419] vgaarb: device added: PCI:0000:00:02.0,decodes=io+mem,owns=io+mem,locks=none
[   11.495594] vgaarb: loaded
[   11.532237] vgaarb: bridge control possible 0000:00:02.0
[   11.569733] SCSI subsystem initialized
[   11.571922] ACPI: bus type USB registered
[   11.590660] usbcore: registered new interface driver usbfs
[   11.616640] usbcore: registered new interface driver hub
[   11.656625] usbcore: registered new device driver usb
[   11.726835] PCI: Using ACPI for IRQ routing
[   11.772540] NetLabel: Initializing
[   11.810027] NetLabel:  domain hash size = 128
[   11.849821] NetLabel:  protocols = UNLABELED CIPSOv4
[   11.854494] NetLabel:  unlabeled traffic allowed by default
[   11.869743] amd_nb: Cannot enumerate AMD northbridges
[   11.925379] clocksource: Switched to clocksource kvm-clock
[  1.0902]AppArmor:ApArorFiesstm nale
  126087] np PP ACPI init
[  1861751] pnp: PnP ACPI: found 3 devices
[   13.216809] clocksource: acpi_pm: mask: 0xffffff max_cycles: 0xffffff, max_idle_ns: 2085701024 ns
[   13.251024] NET: Registered protocol family 2
[   13.302845] TCP established hash table entries: 16384 (order: 5, 131072 bytes)
[   13.402193] TCP bind hash table entries: 16384 (order: 6, 262144 bytes)
[   13.421763] TCP: Hash tables configured (established 16384 bind 16384)
[   13.432661] UDP hash table entries: 1024 (order: 3, 32768 bytes)
[   13.437684] UDP-Lite hash table entries: 1024 (order: 3, 32768 bytes)
[   13.464239] NET: Registered protocol family 1
[   13.500629] pci 0000:00:00.0: Limiting direct PCI/PCI transfers
[   13.591512] pci 0000:00:01.0: Activating ISA DMA hang workarounds
[   13.646678] Unpacking initramfs...
[ 184540] rein iitd emry 1844K
[  1.93860] RAPL PM dteted, API ni i 2-3 Jules, 3 fixed counts 107374820 s vftier
[   19.880707] hw unit of domain pp0-core 2^0 oues

[   20.016965] hw unit of domain package 2^-0 Joules
[   20.020900] hw unit of domain pp1-gpu 2^-0 Joules
[  2.0760]pltfrm rtc_cmos: regiteedpltfrmRT dvie noPN dvie oud)
[   20.952094] Scanning for lowmeor crrptonevry 60 ecnd
  213765 tc:Reind C loksure alibration: 308751 Mz
[   22.406025] clocksource: tsc: mask: 0xffffffffffffffff max_cycles: 0x32939c0e04e, max_idle_ns: 440795360763 ns
[   22.406537] audit: initializing netlink subsys (disabled)
[   2.06553]auitty=200auit1511078.711) itilied
[   22.406947] Initialise system trusted keyring
[   22.407089] HugeTLB registered 2 MB page size, pre-allocated 0 pages
[   22.409010] zbud: loaded
[   22.409256] VFS: Disk quotas dquot_6.6.0
[   22.409297] VFS: Dquot-cache hash table entries: 512 (order 0, 4096 bytes)
[   22.409705] squashfs: version 4.0 (2009/01/31) Phillip Lougher
[   22.410007] fuse init (API version 7.23)
[   22.410175] Key type big_key registered
[   22.410200] Allocating IMA MOK and blacklist keyrings.
[   22.410537] Key type asymmetric registered
[   22.410546] Asymmetric key parser 'x509' registered
[   22.410595] Block layer SCSI generic (bsg) driver version 0.4 loaded (major 249)
[   22.410631] io scheduler noop registered
[   22.410635] io scheduler deadline registered (default)
[   22.410674] io scheduler cfq registered
[   22.410786] pci_hotplug: PCI Hot Plug PCI Core version: 0.5
[   22.410793] pciehp: PCI Express Hot Plug Controller Driver version: 0.4
[   22.411079] ACPI: AC Adapter [AC] (on-line)
[   22.411149] input: Power Button as /devices/LNXSYSTM:00/LNXPWRBN:00/input/input0
[   22.411153] ACPI: Power Button [PWRF]
[   22.411299] input: Sleep Button as /devices/LNXSYSTM:00/LNXSLPBN:00/input/input1
[   22.411301] ACPI: Sleep Button [SLPF]
[   22.411551] GHES: HEST is not enabled!
[   22.411669] Serial: 8250/16550 driver, 32 ports, IRQ sharing enabled
[   22.440679] 00:02: ttyS0 at I/O 0x3f8 (irq = 4, base_baud = 115200) is a 16550A
[   23.253203] Linux agpgart interface v0.103
[   23.279145] loop: module loaded
[   23.280573] scsi host0: ata_piix
[   23.280938] scsi host1: ata_piix
[   23.281084] ata1: PATA max UDMA/33 cmd 0x1f0 ctl 0x3f6 bmdma 0xd000 irq 14
[   23.281086] ata2: PATA max UDMA/33 cmd 0x170 ctl 0x376 bmdma 0xd008 irq 15
[   23.281242] libphy: Fixed MDIO Bus: probed
[   23.281249] tun: Universal TUN/TAP device driver, 1.6
[   23.281250] tun: (C) 1999-2004 Max Krasnyansky <maxk@qualcomm.com>
[   23.281338] PPP generic driver version 2.4.2
[   23.281549] ehci_hcd: USB 2.0 'Enhanced' Host Controller (EHCI) Driver
[   23.281568] ehci-pci: EHCI PCI platform driver
[   23.281608] ehci-platform: EHCI generic platform driver
[   23.281624] ohci_hcd: USB 1.1 'Open' Host Controller (OHCI) Driver
[   23.281632] ohci-pci: OHCI PCI platform driver
[   23.281651] ohci-platform: OHCI generic platform driver
[   23.281664] uhci_hcd: USB Universal Host Controller Interface driver
[   23.281767] i8042: PNP: PS/2 Controller [PNP0303:PS2K,PNP0f03:PS2M] at 0x60,0x64 irq 1,12
[   23.344574] serio: i8042 KBD port at 0x60,0x64 irq 1
[   23.344592] serio: i8042 AUX port at 0x60,0x64 irq 12
[   23.344998] mousedev: PS/2 mouse device common for all mice
[   23.345906] rtc_cmos rtc_cmos: rtc core: registered rtc_cmos as rtc0
[   23.346059] rtc_cmos rtc_cmos: alarms up to one day, 114 bytes nvram
[   23.346072] i2c /dev entries driver
[   23.346172] device-mapper: uevent: version 1.0.3
[   23.346302] device-mapper: ioctl: 4.34.0-ioctl (2015-10-28) initialised: dm-devel@redhat.com
[   23.346328] ledtrig-cpu: registered to indicate activity on CPUs
[   23.347064] NET: Registered protocol family 10
[   23.347449] NET: Registered protocol family 17
[   23.347465] Key type dns_resolver registered
[   23.356396] microcode: CPU0 sig=0x206a7, pf=0x10, revision=0x0
[   23.356426] microcode: CPU1 sig=0x206a7, pf=0x10, revision=0x0
[   23.356619] microcode: Microcode Update Driver: v2.01 <tigran@aivazian.fsnet.co.uk>, Peter Oruba
[   23.356990] registered taskstats version 1
[   23.357021] Loading compiled-in X.509 certificates
[   23.358819] Loaded X.509 cert 'Build time autogenerated kernel key: 7431eaeda5a51458aeb00f8de0f18f89e178d882'
[   23.358866] zswap: loaded using pool lzo/zbud
[   23.362435] Key type trusted registered
[   23.368982] Key type encrypted registered
[   23.368991] AppArmor: AppArmor sha1 policy hashing enabled
[   23.368997] ima: No TPM chip found, activating TPM-bypass!
[   23.369029] evm: HMAC attrs: 0x1
[   23.370022]   Magic number: 9:272:553
[   23.370039] tty ttyS29: hash matches
[   23.371310] rtc_cmos rtc_cmos: setting system clock to 2017-11-19 22:32:36 UTC (1511130756)
[   23.371515] BIOS EDD facility v0.16 2004-Jun-25, 0 devices found
[   23.371516] EDD information not available.
[   23.439101] input: AT Translated Set 2 keyboard as /devices/platform/i8042/serio0/input/input2
[   24.844076] Freeing unused kernel memory: 1492K
[   24.849592] Write protecting the kernel read-only data: 14336k
[   24.861462] Freeing unused kernel memory: 1744K
[   24.895440] Freeing unused kernel memory: 108K
Loading, please wait...
starting version[   24.924157] random: systemd-udevd: uninitialized urandom read (16 bytes read, 4 bits of entropy available)
 229
[   24.925270] random: udevadm: uninitialized urandom read (16 bytes read, 4 bits of entropy available)
[   24.925315] random: udevadm: uninitialized urandom read (16 bytes read, 4 bits of entropy available)
[   24.941763] random: udevadm: uninitialized urandom read (16 bytes read, 4 bits of entropy available)
[   24.941826] random: udevadm: uninitialized urandom read (16 bytes read, 4 bits of entropy available)
[   24.942035] random: udevadm: uninitialized urandom read (16 bytes read, 4 bits of entropy available)
[   24.942117] random: udevadm: uninitialized urandom read (16 bytes read, 4 bits of entropy available)
[   24.942200] random: udevadm: uninitialized urandom read (16 bytes read, 4 bits of entropy available)
[   24.942280] random: udevadm: uninitialized urandom read (16 bytes read, 4 bits of entropy available)
[   24.942364] random: udevadm: uninitialized urandom read (16 bytes read, 4 bits of entropy available)
[   25.332698] e1000: Intel(R) PRO/1000 Network Driver - version 7.3.21-k8-NAPI
[   25.346669] e1000: Copyright (c) 1999-2006 Intel Corporation.
[   25.381790] Fusion MPT base driver 3.04.20
[   25.410516] Copyright (c) 1999-2008 LSI Corporation
[   25.449167] Fusion MPT SPI Host driver 3.04.20
[   25.522930] AVX version of gcm_enc/dec engaged.
[   25.529194] AES CTR mode by8 optimization enabled
[   25.786639] input: ImExPS/2 Generic Explorer Mouse as /devices/platform/i8042/serio1/input/input4
[   25.996906] e1000 0000:00:03.0 eth0: (PCI:33MHz:32-bit) 02:7e:71:36:a3:a3
[   26.039704] e1000 0000:00:03.0 eth0: Intel(R) PRO/1000 Network Connection
[   26.065152] mptbase: ioc0: Initiating bringup
[   26.180053] ioc0: LSI53C1030 A0: Capabilities={Initiator}
[   27.294174] scsi host2: ioc0: LSI53C1030 A0, FwRev=00000000h, Ports=1, MaxQ=256, IRQ=20
[   27.990657] scsi 2:0:0:0: Direct-Access     VBOX     HARDDISK         1.0  PQ: 0 ANSI: 5
[   28.075766] scsi target2:0:0: Beginning Domain Validation
[   28.111560] scsi target2:0:0: Domain Validation skipping write tests
[   28.137975] scsi target2:0:0: Ending Domain Validation
[   28.164646] scsi target2:0:0: asynchronous
[   28.170740] scsi 2:0:1:0: Direct-Access     VBOX     HARDDISK         1.0  PQ: 0 ANSI: 5
[   28.212523] scsi target2:0:1: Beginning Domain Validation
[   28.221777] scsi target2:0:1: Domain Validation skipping write tests
[   28.232867] scsi target2:0:1: Ending Domain Validation
[   28.235756] scsi target2:0:1: asynchronous
[   28.254872] sd 2:0:0:0: Attached scsi generic sg0 type 0
[   28.274368] sd 2:0:0:0: [sda] 20971520 512-byte logical blocks: (10.7 GB/10.0 GiB)
[   28.314911] sd 2:0:1:0: [sdb] 20480 512-byte logical blocks: (10.5 MB/10.0 MiB)
[   28.356610] sd 2:0:1:0: Attached scsi generic sg1 type 0
[   28.366414] sd 2:0:0:0: [sda] Write Protect is off
[   28.386916] floppy0: no floppy controllers found
[   28.406343] sd 2:0:0:0: [sda] Incomplete mode parameter data
[   28.413993] sd 2:0:0:0: [sda] Assuming drive cache: write through
[   28.423803] sd 2:0:1:0: [sdb] Write Protect is off
[   28.448125] sd 2:0:1:0: [sdb] Incomplete mode parameter data
[   28.491751] sd 2:0:1:0: [sdb] Assuming drive cache: write through
[   28.529169]  sda: sda1
[   28.550241] sd 2:0:1:0: [sdb] Attached SCSI disk
[   28.559470] sd 2:0:0:0: [sda] Attached SCSI disk
[   28.726380] e1000 0000:00:08.0 eth1: (PCI:33MHz:32-bit) 08:00:27:5d:94:59
[   28.760096] e1000 0000:00:08.0 eth1: Intel(R) PRO/1000 Network Connection
[   28.772086] e1000 0000:00:03.0 enp0s3: renamed from eth0
[   28.813768] e1000 0000:00:08.0 enp0s8: renamed from eth1
Begin: Loading e[   30.395322] md: linear personality registered for level -1
ssential drivers[   30.437930] md: multipath personality registered for level -4
 ... [   30.487642] md: raid0 personality registered for level 0
[   30.514952] md: raid1 personality registered for level 1
[   30.617679] raid6: sse2x1   gen()  3448 MB/s
[   30.713684] raid6: sse2x1   xor()  3220 MB/s
[   30.799163] raid6: sse2x2   gen()  6064 MB/s
[   30.889748] raid6: sse2x2   xor()  3311 MB/s
[   30.981557] raid6: sse2x4   gen()  5101 MB/s
[   31.079109] raid6: sse2x4   xor()  3930 MB/s
[   31.092056] raid6: using algorithm sse2x2 gen() 6064 MB/s
[   31.111971] raid6: .... xor() 3311 MB/s, rmw enabled
[   31.116273] raid6: using ssse3x2 recovery algorithm
[   31.124198] xor: automatically using best checksumming function:
[   31.197917]    avx       : 11808.000 MB/sec
[   31.203489] async_tx: api initialized (async)
[   31.223009] md: raid6 personality registered for level 6
[   31.236471] md: raid5 personality registered for level 5
[   31.241121] md: raid4 personality registered for level 4
[   31.258292] md: raid10 personality registered for level 10
done.
Begin: Running /scripts/init-premount ... done.
Begin: Mounting root file system ... Begin: Running /scripts/local-top ... done.
Begin: Running /scripts/local-premount ... [   31.317502] Btrfs loaded
Scanning for Btrfs filesystems
done.
Warning: fsck no[   31.372896] EXT4-fs (sda1): mounted filesystem with ordered data mode. Opts: (null)
t present, so skipping root file system
done.
Begin: Running /scripts/local-bottom ... done.
Begin: Running /scripts/init-bottom ... done.
[   31.515051] systemd[1]: systemd 229 running in system mode. (+PAM +AUDIT +SELINUX +IMA +APPARMOR +SMACK +SYSVINIT +UTMP +LIBCRYPTSETUP +GCRYPT +GNUTLS +ACL +XZ -LZ4 +SECCOMP +BLKID +ELFUTILS +KMOD -IDN)
[   31.704935] systemd[1]: Detected virtualization oracle.
[   31.713753] systemd[1]: Detected architecture x86-64.

Welcome to [1mUbuntu 16.04.3 LTS[0m!

[   31.738182] systemd[1]: Set hostname to <ubuntu>.
[   31.754877] systemd[1]: Initializing machine ID from random generator.
[   31.772073] systemd[1]: Installed transient /etc/machine-id file.
[   31.987012] systemd[1]: Listening on LVM2 metadata daemon socket.
[[0;32m  OK  [0m] Listening on LVM2 metadata daemon socket.
[   32.050494] systemd[1]: Listening on Journal Socket (/dev/log).
[[0;32m  OK  [0m] Listening on Journal Socket (/dev/log).
[   32.121516] systemd[1]: Listening on Journal Audit Socket.
[[0;32m  OK  [0m] Listening on Journal Audit Socket.
[   32.161950] systemd[1]: Listening on udev Control Socket.
[[0;32m  OK  [0m] Listening on udev Control Socket.
[   32.178233] systemd[1]: Set up automount Arbitrary Executable File Formats File System Automount Point.
[[0;32m  OK  [0m] Set up automount Arbitrary Executab...ats File System Automount Point.
[   32.200177] systemd[1]: Listening on /dev/initctl Compatibility Named Pipe.
[[0;32m  OK  [0m] Listening on /dev/initctl Compatibility Named Pipe.
[   32.222246] systemd[1]: Listening on Device-mapper event daemon FIFOs.
[[0;32m  OK  [0m] Listening on Device-mapper event daemon FIFOs.
[   32.238318] systemd[1]: Listening on udev Kernel Socket.
[[0;32m  OK  [0m] Listening on udev Kernel Socket.
[   32.256602] systemd[1]: Reached target Encrypted Volumes.
[[0;32m  OK  [0m] Reached target Encrypted Volumes.
[   32.298117] systemd[1]: Listening on Journal Socket.
[[0;32m  OK  [0m] Listening on Journal Socket.
[   32.351896] systemd[1]: Listening on LVM2 poll daemon socket.
[[0;32m  OK  [0m] Listening on LVM2 poll daemon socket.
[   32.406925] systemd[1]: Started Trigger resolvconf update for networkd DNS.
[[0;32m  OK  [0m] Started Trigger resolvconf update for networkd DNS.
[   32.446568] systemd[1]: Created slice System Slice.
[[0;32m  OK  [0m] Created slice System Slice.
[   32.470169] systemd[1]: Starting Remount Root and Kernel File Systems...
[   32.474512] EXT4-fs (sda1): re-mounted. Opts: (null)
         Starting Remount Root and Kernel File Systems...
[   32.529852] systemd[1]: Starting Monitoring of LVM2 mirrors, snapshots etc. using dmeventd or progress polling...
         Starting Monitoring of LVM2 mirrors... dmeventd or progress polling...
[   32.560909] systemd[1]: Mounting Huge Pages File System...
         Mounting Huge Pages File System...
[   32.580069] systemd[1]: Starting Create list of required static device nodes for the current kernel...
         Starting Create list of required st... nodes for the current kernel...
[   32.601627] systemd[1]: Starting Load Kernel Modules...
[   32.619682] Loading iSCSI transport class v2.0-87.
         Starting Load Kernel Modules...
[   32.731293] iscsi: registered transport (tcp)
[   33.934585] systemd[1]: Starting Uncomplicated firewall...
[   3.9463]rado: noblckng pool is initialized
         Starting Uncomplicated firewall...
[   34.424015] iscsi: registered transport (iser)
[   34.498238] systemd[1]: Starting Set console keymap...
         Starting Set console keymap...
[   34.531456] systemd[1]: Mounting POSIX Message Queue File System...
         Mounting POSIX Message Queue File System...
[   34.550383] systemd[1]: Created slice system-serial\x2dgetty.slice.
[[0;32m  OK  [0m] Created slice system-serial\x2dgetty.slice.
[   34.593594] systemd[1]: Mounting Debug File System...
         Mounting Debug File System...
[   34.610760] systemd[1]: Reached target Swap.
[[0;32m  OK  [0m] Reached target Swap.
[   34.629172] systemd[1]: Started Forward Password Requests to Wall Directory Watch.
[[0;32m  OK  [0m] Started Forward Password Requests to Wall Directory Watch.
[   34.694037] systemd[1]: Starting Nameserver information manager...
         Starting Nameserver information manager...
[   34.718486] systemd[1]: Created slice User and Session Slice.
[[0;32m  OK  [0m] Created slice User and Session Slice.
[   34.754282] systemd[1]: Reached target Slices.
[[0;32m  OK  [0m] Reached target Slices.
[   34.770222] systemd[1]: Reached target User and Group Name Lookups.
[[0;32m  OK  [0m] Reached target User and Group Name Lookups.
[   34.833856] systemd[1]: Listening on Syslog Socket.
[[0;32m  OK  [0m] Listening on Syslog Socket.
[   34.862143] systemd[1]: Starting Journal Service...
         Starting Journal Service...
[   34.896768] systemd[1]: Mounted Huge Pages File System.
[[0;32m  OK  [0m] Mounted Huge Pages File System.
[   34.908924] systemd[1]: Mounted POSIX Message Queue File System.
[[0;32m  OK  [0m] Mounted POSIX Message Queue File System.
[  3.91798] systemd[1]: Mounted Debug File System.
[[0;32m  OK  [0m] Mounted Debug File System.
[  3.170098] systemd[1]: Started Journal Service.
[[0;32m  OK  [0m] Started Journal Service.
[[0;32m  OK  [0m] Started Remount Root and Kernel File Systems.
[[0;32m  OK  [0m] Started Create list of required sta...ce nodes for the current kernel.
[[0;32m  OK  [0m] Started Load Kernel Modules.
[[0;32m  OK  [0m] Started Uncomplicated firewall.
[[0;32m  OK  [0m] Started Set console keymap.
[[0;32m  OK  [0m] Started Nameserver information manager.
[[0;32m  OK  [0m] Started LVM2 metadata daemon.
         Mounting FUSE Control File System...
         Starting Apply Kernel Variables...
         Starting Create Static Device Nodes in /dev...
         Starting udev Coldplug all Devices...
         Starting Initial cloud-init job (pre-networking)...
         Starting Load/Save Random Seed...
         Starting Flush Journal to Persistent Storage...
[[0;32m  OK  [0m] Mounted FUSE Control File System.
[[0;32m  OK  [0m] Started Apply Kernel Variables.
[[0;32m  OK  [0m] Started Create Static Device Nodes in /dev.
[[0;32m  OK  [0m] Started Load/Save Random Seed.
[[0;32m  OK  [0m] Started udev Coldplug all Devices.
[[0;32m  OK  [0m] Started Flush Journal to Persistent Storage.
         Starting udev Kernel Device Manager...
[[0;32m  OK  [0m] Started udev Kernel Device Manager.
[[0;32m  OK  [0m] Started Dispatch Password Requests to Console Directory Watch.
[[0;32m  OK  [0m] Started Monitoring of LVM2 mirrors,...ng dmeventd or progress polling.
[[0;32m  OK  [0m] Reached target Local File Systems (Pre).
[[0;32m  OK  [0m] Reached target Local File Systems.
         Starting LSB: AppArmor initialization...
         Starting Create Volatile Files and Directories...
         Starting Commit a transient machine-id on disk...
         Starting Tell Plymouth To Write Out Runtime Data...
         Starting Set console font and keymap...
[[0;32m  OK  [0m] Started Create Volatile Files and Directories.
[[0;32m  OK  [0m] Started Commit a transient machine-id on disk.
[[0;32m  OK  [0m] Started Tell Plymouth To Write Out Runtime Data.
[[0;32m  OK  [0m] Found device /dev/ttyS0.
[[0;32m  OK  [0m] Reached target System Time Synchronized.
         Starting Update UTMP about System Boot/Shutdown...
[[0;32m  OK  [0m] Started Update UTMP about System Boot/Shutdown.
[[0;32m  OK  [0m] Listening on Load/Save RF Kill Switch Status /dev/rfkill Watch.
[   26.372446] cloud-init[454]: Cloud-init v. 17.1 running 'init-local' at Sun, 19 Nov 2017 22:32:49 +0000. Up 25.45 seconds.
[[0;32m  OK  [0m] Started Initial cloud-init job (pre-networking).
[[0;32m  OK  [0m] Reached target Network (Pre).
[[0;32m  OK  [0m] Started LSB: AppArmor initialization.
         Starting Raise network interfaces...
[[0;32m  OK  [0m] Started Set console font and keymap.
[[0;32m  OK  [0m] Created slice system-getty.slice.
[[0;32m  OK  [0m] Started Raise network interfaces.
[[0;32m  OK  [0m] Reached target Network.
         Starting Initial cloud-init job (metadata service crawler)...
[   29.904073] cloud-init[957]: Cloud-init v. 17.1 running 'init' at Sun, 19 Nov 2017 22:32:53 +0000. Up 28.90 seconds.
[   29.961132] cloud-init[957]: ci-info: ++++++++++++++++++++++++++++++++++++++Net device info++++++++++++++++++++++++++++++++++++++
[   30.040958] cloud-init[957]: ci-info: +--------+-------+----------------------------+---------------+-------+-------------------+
[   30.041710] cloud-init[957]: ci-info: | Device |   Up  |          Address           |      Mask     | Scope |     Hw-Address    |
[[0;32m  OK  [0m] Started Initial cloud-init job (metadata service crawler).
[   30.042267] cloud-init[957]: ci-info: +--------+-------+----------------------------+---------------+-------+-------------------+
[[0;32m  OK  [0m] Reached target System Initialization.
[[0;32m  OK  [0m] Started Daily Cleanup of Temporary Directories.
[   30.235163] [[0;32m  OK  [0m] Started Timer to automatically refresh installed snaps.
[[0;32m  OK  [0m] Listening on ACPID Listen Socket.
[[0;32m  OK  [0m] Listening on D-Bus System Message Bus Socket.
[[0;32m  OK  [0m] Listening on UUID daemon activation socket.
cloud-init[957]: ci-info: | enp0s3 |  True |         10.0.2.15          | 255.255.255.0 |   .   | 02:7e:71:36:a3:a3 |
         Starting LXD - unix socket.
         Starting Socket activation for snappy daemon.
[   30.308267] cloud-init[957]: ci-info: | enp0s3 |  True | fe80::7e:71ff:fe36:a3a3/64 |       .       |  link | 02:7e:71:36:a3:a3 |
[   30.349521] [cloud-init[0;32m  OK  [0m[957]: ] ci-info: | enp0s8 | False |             .              |       .       |   .   | 08:00:27:5d:94:59 |Started ACPI Events Check.

[   30.388592] [cloud-init[0;32m  OK  [0m[957]: ] ci-info: |   lo   |  True |         127.0.0.1          |   255.0.0.0   |   .   |         .         |Reached target Paths.

[[0;32m  OK  [0m] Reached target Network is Online.
[   30.389874] cloud-init[957]: ci-info: |   lo   |  True |          ::1/128           |       .       |  host |         .         |
[   30.465012]          cloud-initStarting iSCSI initiator daemon (iscsid)...[957]: 
ci-info: +--------+-------+----------------------------+---------------+-------+-------------------+
[   30.491531] [cloud-init[0;32m  OK  [0m[957]: ] ci-info: +++++++++++++++++++++++++++Route IPv4 info++++++++++++++++++++++++++++Started Daily apt download activities.

[[0;32m  OK  [0m] Started Daily apt upgrade and clean activities.
[[0;32m  OK  [0m] Reached target Timers.
[   30.492796] cloud-init[957]: ci-info: +-------+-------------+----------+---------------+-----------+-------+
[   30.569470] [cloud-init[0;32m  OK  [0m[957]: ] ci-info: | Route | Destination | Gateway  |    Genmask    | Interface | Flags |Reached target Cloud-config availability.

[   30.570727] [cloud-init[0;32m  OK  [0m[957]: ] ci-info: +-------+-------------+----------+---------------+-----------+-------+Listening on LXD - unix socket.

[   30.612871] [cloud-init[0;32m  OK  [0m[957]: ] ci-info: |   0   |   0.0.0.0   | 10.0.2.2 |    0.0.0.0    |   enp0s3  |   UG  |Listening on Socket activation for snappy daemon.

[   30.614338] cloud-init[957]: ci-info: |   1   |   10.0.2.0  | 0.0.0.0  | 255.255.255.0 |   enp0s3  |   U   |
[   30.643572] cloud-init[957]: ci-info: +-------+-------------+----------+---------------+-----------+-------+
[   30.654852] [[0;32m  OK  [0m] Started iSCSI initiator daemon (iscsid).
cloud-init[957]: Generating public/private rsa key pair.
[   30.661315] cloud-init[957]: Your identification has been saved in /etc/ssh/ssh_host_rsa_key.
[   30.698481]          cloud-initStarting Login to default iSCSI targets...[957]: 
Your public key has been saved in /etc/ssh/ssh_host_rsa_key.pub.
[[0;32m  OK  [0m] Reached target Sockets.
[   30.700100] cloud-init[957]: The key fingerprint is:[
[0;32m  OK  [0m] Reached target Basic System.
[[0;32m  OK  [0m] Started Unattended Upgrades Shutdown.
[   30.770211] cloud-init[957]: SHA256:RsjDsd6N+tAAfTXrGlWRPZM2eKRicJITOCGrgPE2UKU root@ubuntu-xenial
         Starting System Logging Service...
[   30.890907] cloud-init[957]: The key's randomart image is:
[   30.901650] cloud-init[957]: +---[RSA 2048]----+
[   30.907006] cloud-init[957]: |o...o oo+o+ o*.. |
[   30.924994] cloud-init[957]: |.+ . *o+o= +o.O  |
[   30.925864] cloud-init[957]: |o E o B.o.= .o + |
         Starting /etc/rc.local Compatibility...
[   30.926393] cloud-init[957]: | o o o = * .     |
[   30.950408] cloud-init[957]: |  .   o S o      |
[   30.964776] cloud-init[957]: |       = o       |
[   30.965488] cloud-init[957]: |      o o        |
[[0;32m  OK  [0m] Started ACPI event daemon.
[   30.965936] cloud-init[957]: |       o         |
[   30.981200] cloud-init[957]: |        .        |
[   30.981935] cloud-init[957]: +----[SHA256]-----+
         Starting Login Service...
[   30.982380] cloud-init[957]: Generating public/private dsa key pair.
[   31.005832] cloud-init[957]: Your identification has been saved in /etc/ssh/ssh_host_dsa_key.
[   31.032352] [cloud-init[0;32m  OK  [0m[957]: ] Your public key has been saved in /etc/ssh/ssh_host_dsa_key.pub.Started Regular background program processing daemon.

[   31.033830] cloud-init[957]: The key fingerprint is:
         Starting LSB: Record successful boot for GRUB...
[   31.088862] cloud-init[957]: SHA256:gQh8ezwinc+o9vagrCyiz3YQ7nDFZsGex8U0qbqpsbM root@ubuntu-xenial
[   31.189184]          Starting Accounts Service...
cloud-init[957]: The key's randomart image is:
[   31.208608] [cloud-init[0;32m  OK  [0m[957]: ] +---[DSA 1024]----+Started D-Bus System Message Bus.

[   31.210127] cloud-init[957]: | ...   oo.       |
[   31.232841] cloud-init[957]: |  ..+. .+.       |
[   31.237110] cloud-init[957]: |   =.B.o.        |
[   31.242914]          cloud-initStarting Pollinate to seed the pseudo random number generator...[957]: 
|  o % B  .       |
         Starting Apply the settings specified in cloud-config...
[   31.268412] cloud-init[957]: | . * O .S        |
[   31.324866] cloud-init[957]: |. + o o          |
[[0;32m  OK  [0m] Started FUSE filesystem for LXC.
[   31.347946] cloud-init[957]: | +.o.o           |
[   31.368870] cloud-init[957]: |+o*+=.           |
         Starting LSB: MD monitoring daemon...
[   31.403634] cloud-init[957]: |**EB...          |
[   31.452735] cloud-init[957]: +----[SHA256]-----+
[   31.489213] cloud-init[957]: Generating public/private ecdsa key pair.
[   31.490228] cloud-init[957]: Your identification has been saved in /etc/ssh/ssh_host_ecdsa_key.
         Starting LXD - container startup/shutdown...
[   31.491353] cloud-init[957]: Your public key has been saved in /etc/ssh/ssh_host_ecdsa_key.pub.
[   31.752299] cloud-init[957]: The key fingerprint is:
[   31.753649] cloud-init[957]: SHA256:Z1ebo9G9l7dcjY+GdCfTOhlUev+XgCO2XbkW3HawClk root@ubuntu-xenial
[   31.753861] cloud-init[957]: The key's randomart image is:
[   31.753983] cloud-init[957]: +---[ECDSA 256]---+
[   31.754087] cloud-init[957]: |                 |
[   31.754251] cloud-init[957]: |                .|
[   31.754434] cloud-init[957]: |              .o |
[   31.754551] cloud-init[957]: |            Eo++.|
[   31.754685] cloud-init[957]: |        S oo=.B=o|
[   31.754786] cloud-init[957]: |         =o+.O*=O|
[   31.754941] cloud-init[957]: |        . +o++*XO|
[   31.755184] cloud-init[957]: |         . .oo*+B|
[   31.755405] cloud-init[957]: |            ...+o|
[   31.755535] cloud-init[957]: +----[SHA256]-----+
[   31.755628] cloud-init[957]: Generating public/private ed25519 key pair.
[   31.755734] cloud-init[957]: Your identification has been saved in /etc/ssh/ssh_host_ed25519_key.
[   31.755993] cloud-init[957]: Your public key has been saved in /etc/ssh/ssh_host_ed25519_key.pub.
[[0;32m  OK  [0m] Started Deferred execution scheduler.
[   31.757125] cloud-init[957]: The key fingerprint is:
         Starting Snappy daemon...
[   32.432350] cloud-init[957]: SHA256:FBXGA3fAeHc7X76qPsAGazcdtlXS6ZGiO6bJi2SgJOE root@ubuntu-xenial
[[0;32m  OK  [0m[   32.565518] cloud-init[957]: The key's randomart image is:
] Started System Logging Service.
[   32.633101] cloud-init[957]: +--[ED25519 256]--+
[[0;32m  OK  [0m] Started /etc/rc.local Compatibility.
[   32.634325] cloud-init[957]: |        o**o. . o|
[[0;32m  OK  [0m] Started Pollinate to seed the pseudo random number generator.
[[0;32m  OK  [0m] Started LXD - container startup/shutdown.
[[0;32m  OK  [0m] Started Snappy daemon.
[   32.767541] cloud-init[957]: |        .+=..o.* |
[   32.929024] cloud-init[957]: | .      .. o..=..|
[   32.968966] cloud-init[957]: |. .    o   + .o..|
[[0;32m  OK  [0m] Started Login to default iSCSI targets.
[   33.008576] cloud-init[957]: | E . .  S o =  +.|
[   33.102002] cloud-init[957]: |  o . .o * *    o|
[   33.145401] cloud-init[957]: |   .  .o+ * .   .|
[   33.212752] cloud-init[957]: |      o .+ .   . |
[[0;32m  OK  [0m] Started LSB: Record successful boot for GRUB.
[   33.218542] cloud-init[957]: |       . .ooo..  |
[   33.369935] cloud-init[957]: +----[SHA256]-----+
[[0;32m  OK  [0m] Started LSB: MD monitoring daemon.
[   33.452412] cloud-init[1093]: Generating locales (this might take a while)...
[[0;32m  OK  [0m] Started Login Service.
         Starting Authenticate and Authorize Users to Run Privileged Tasks...
[[0;32m  OK  [0m] Reached target Remote File Systems (Pre).
[[0;32m  OK  [0m] Reached target Remote File Systems.
         Starting LSB: automatic crash report generation...
         Starting LSB: Set the CPU Frequency Scaling governor to "ondemand"...
         Starting LSB: daemon to balance interrupts for SMP systems...
         Starting Permit User Sessions...
         Starting LSB: VirtualBox Linux Additions...
         Starting OpenBSD Secure Shell server...
[[0;32m  OK  [0m] Started Permit User Sessions.
[[0;32m  OK  [0m] Started OpenBSD Secure Shell server.
[[0;32m  OK  [0m] Started Authenticate and Authorize Users to Run Privileged Tasks.
[[0;32m  OK  [0m] Started Accounts Service.
[[0;32m  OK  [0m] Started LSB: automatic crash report generation.
[[0;32m  OK  [0m] Started LSB: Set the CPU Frequency Scaling governor to "ondemand".
[[0;32m  OK  [0m] Started LSB: daemon to balance interrupts for SMP systems.
         Starting Terminate Plymouth Boot Screen...
         Starting Hold until boot process finishes up...
[[0;32m  OK  [0m] Started Terminate Plymouth Boot Screen.
[[0;32m  OK  [0m] Started Hold until boot process finishes up.
         Starting Set console scheme...
[[0;32m  OK  [0m] Started Getty on tty1.
[[0;32m  OK  [0m] Started Serial Getty on ttyS0.
[[0;32m  OK  [0m] Reached target Login Prompts.
[[0;32m  OK  [0m] Started LSB: VirtualBox Linux Additions.
[[0;32m  OK  [0m] Started Set console scheme.
[[0;32m  OK  [0m] Reached target Multi-User System.
[[0;32m  OK  [0m] Reached target Graphical Interface.
         Starting Update UTMP about System Runlevel Changes...
[[0;32m  OK  [0m] Started Update UTMP about System Runlevel Changes.
[   35.389856] cloud-init[1093]:   en_US.UTF-8... done
[   35.421024] cloud-init[1093]: Generation complete.
         Stopping OpenBSD Secure Shell server...
[[0;32m  OK  [0m] Stopped OpenBSD Secure Shell server.
         Starting OpenBSD Secure Shell server...
[[0;32m  OK  [0m] Started OpenBSD Secure Shell server.
[[0;32m  OK  [0m] Created slice User Slice of ubuntu.
         Starting User Manager for UID 1000...
[[0;32m  OK  [0m] Started Session 1 of user ubuntu.
[[0;32m  OK  [0m] Started User Manager for UID 1000.
[   36.406042] cloud-init[1093]: Cloud-init v. 17.1 running 'modules:config' at Sun, 19 Nov 2017 22:32:56 +0000. Up 31.93 seconds.
[[0;32m  OK  [0m] Started Apply the settings specified in cloud-config.
         Starting Execute cloud user/final scripts...
ci-info: no authorized ssh keys fingerprints found for user ubuntu.
<14>Nov 19 22:33:02 ec2: 
<14>Nov 19 22:33:02 ec2: #############################################################
<14>Nov 19 22:33:02 ec2: -----BEGIN SSH HOST KEY FINGERPRINTS-----
<14>Nov 19 22:33:02 ec2: 1024 SHA256:gQh8ezwinc+o9vagrCyiz3YQ7nDFZsGex8U0qbqpsbM root@ubuntu-xenial (DSA)
<14>Nov 19 22:33:02 ec2: 256 SHA256:Z1ebo9G9l7dcjY+GdCfTOhlUev+XgCO2XbkW3HawClk root@ubuntu-xenial (ECDSA)
<14>Nov 19 22:33:02 ec2: 256 SHA256:FBXGA3fAeHc7X76qPsAGazcdtlXS6ZGiO6bJi2SgJOE root@ubuntu-xenial (ED25519)
<14>Nov 19 22:33:02 ec2: 2048 SHA256:RsjDsd6N+tAAfTXrGlWRPZM2eKRicJITOCGrgPE2UKU root@ubuntu-xenial (RSA)
<14>Nov 19 22:33:02 ec2: -----END SSH HOST KEY FINGERPRINTS-----
<14>Nov 19 22:33:02 ec2: #############################################################
-----BEGIN SSH HOST KEY KEYS-----
ecdsa-sha2-nistp256 AAAAE2VjZHNhLXNoYTItbmlzdHAyNTYAAAAIbmlzdHAyNTYAAABBBKzmxx1Q0IkmYyTZuwxBE/+h545SSTP7/L/qBVRFdC0ftLF9Hwlw4YrJllmT12IMUHO3Tu573E9we5SsRZo6tkw= root@ubuntu-xenial
ssh-ed25519 AAAAC3NzaC1lZDI1NTE5AAAAIDBPLAhst0XAu4NZG1d3e9ny2yz2dSRbT1UhK1ZlqADd root@ubuntu-xenial
ssh-rsa AAAAB3NzaC1yc2EAAAADAQABAAABAQCstHIvpJbQj61KqXmqsebbKYMjmEDd8/ZbhxOZnhX0aBxvZah9aUZdi/Eh5R5S2ST/2P3MGCTHD+OY3SxxVJAWL+CMnimDOKUgD27jhvppGxF45U4pH6QVoLd8D5ktzZHAitKFQHsf1FgzNQlCH0uSzn6hMwgYd/ABzAlbginF2cLrTx7KR137FIN7UROEcvF6GOZf161zXVJKx50CuWLL4jAyi4T3PU8BN/CEtc8ByzwP34k1WO4bl2gRTJEx61RaHen4ukf3MounWG17tLMUv+V33OGgnct1yTI1BSkThgr40iz9FgTXpCY8RU1w5zzBOaRyu4XqhKKbgHTfguPv root@ubuntu-xenial
-----END SSH HOST KEY KEYS-----
[   37.906990] cloud-init[1370]: Cloud-init v. 17.1 running 'modules:final' at Sun, 19 Nov 2017 22:33:01 +0000. Up 37.18 seconds.
[   37.922075] cloud-init[1370]: ci-info: no authorized ssh keys fingerprints found for user ubuntu.
[   37.950852] cloud-init[1370]: Cloud-init v. 17.1 finished at Sun, 19 Nov 2017 22:33:02 +0000. Datasource DataSourceNoCloud [seed=/dev/sdb][dsmode=net].  Up 37.88 seconds
[[0;32m  OK  [0m] Started Execute cloud user/final scripts.
[[0;32m  OK  [0m] Reached target Cloud-init target.

Ubuntu 16.04.3 LTS ubuntu-xenial ttyS0

ubuntu-xenial login: 